TN:
SF:controllers\authController.js
FN:8,(anonymous_0)
FN:28,(anonymous_1)
FN:55,(anonymous_2)
FN:91,(anonymous_3)
FN:127,(anonymous_4)
FNF:5
FNH:5
FNDA:9,(anonymous_0)
FNDA:6,(anonymous_1)
FNDA:4,(anonymous_2)
FNDA:2,(anonymous_3)
FNDA:2,(anonymous_4)
DA:1,5
DA:2,5
DA:3,5
DA:4,5
DA:5,5
DA:8,5
DA:9,9
DA:10,9
DA:11,0
DA:13,9
DA:14,9
DA:15,9
DA:16,8
DA:17,1
DA:19,7
DA:20,7
DA:21,7
DA:23,1
DA:28,5
DA:29,6
DA:30,6
DA:31,0
DA:33,6
DA:34,6
DA:35,6
DA:36,6
DA:37,0
DA:39,6
DA:40,6
DA:41,1
DA:43,5
DA:48,5
DA:50,0
DA:55,5
DA:56,4
DA:57,4
DA:58,0
DA:60,4
DA:62,4
DA:63,4
DA:64,4
DA:66,0
DA:70,4
DA:73,4
DA:76,4
DA:77,4
DA:78,4
DA:81,4
DA:83,4
DA:85,0
DA:86,0
DA:91,5
DA:92,2
DA:93,2
DA:94,0
DA:96,2
DA:98,2
DA:99,2
DA:101,2
DA:102,0
DA:106,2
DA:107,1
DA:108,1
DA:109,1
DA:110,1
DA:114,1
DA:115,1
DA:116,0
DA:119,1
DA:121,0
DA:122,0
DA:127,5
DA:128,2
DA:129,2
DA:130,0
DA:132,2
DA:134,2
DA:135,2
DA:137,2
DA:138,0
DA:142,2
DA:143,0
DA:144,0
DA:145,0
DA:146,0
DA:150,2
DA:151,2
DA:152,1
DA:156,1
DA:157,1
DA:158,1
DA:159,1
DA:161,1
DA:163,0
DA:164,0
LF:95
LH:74
BRDA:10,0,0,0
BRDA:10,0,1,9
BRDA:16,1,0,1
BRDA:16,1,1,7
BRDA:30,2,0,0
BRDA:30,2,1,6
BRDA:36,3,0,0
BRDA:36,3,1,6
BRDA:40,4,0,1
BRDA:40,4,1,5
BRDA:57,5,0,0
BRDA:57,5,1,4
BRDA:64,6,0,0
BRDA:64,6,1,4
BRDA:93,7,0,0
BRDA:93,7,1,2
BRDA:101,8,0,0
BRDA:101,8,1,2
BRDA:101,9,0,2
BRDA:101,9,1,2
BRDA:101,9,2,2
BRDA:106,10,0,1
BRDA:106,10,1,1
BRDA:115,11,0,0
BRDA:115,11,1,1
BRDA:129,12,0,0
BRDA:129,12,1,2
BRDA:137,13,0,0
BRDA:137,13,1,2
BRDA:137,14,0,2
BRDA:137,14,1,2
BRDA:137,14,2,2
BRDA:142,15,0,0
BRDA:142,15,1,2
BRDA:151,16,0,1
BRDA:151,16,1,1
BRF:36
BRH:25
end_of_record
TN:
SF:middleware\auth.js
FN:3,(anonymous_0)
FNF:1
FNH:1
FNDA:41,(anonymous_0)
DA:1,5
DA:3,5
DA:4,41
DA:5,41
DA:6,41
DA:7,0
DA:9,41
DA:11,40
DA:16,40
DA:18,1
DA:22,5
LF:11
LH:10
BRDA:6,0,0,0
BRDA:6,0,1,41
BRDA:13,1,0,40
BRDA:13,1,1,0
BRDA:14,2,0,40
BRDA:14,2,1,40
BRF:6
BRH:4
end_of_record
TN:
SF:models\Cart.js
FNF:0
FNH:0
DA:1,5
DA:3,5
DA:20,5
DA:32,5
LF:4
LH:4
BRF:0
BRH:0
end_of_record
TN:
SF:models\MenuItem.js
FNF:0
FNH:0
DA:1,5
DA:3,5
DA:36,5
LF:3
LH:3
BRF:0
BRH:0
end_of_record
TN:
SF:models\Order.js
FNF:0
FNH:0
DA:1,5
DA:3,5
DA:20,5
LF:3
LH:3
BRF:0
BRH:0
end_of_record
TN:
SF:models\Restaurant.js
FNF:0
FNH:0
DA:1,5
DA:3,5
DA:25,5
LF:3
LH:3
BRF:0
BRH:0
end_of_record
TN:
SF:models\User.js
FNF:0
FNH:0
DA:1,5
DA:3,5
DA:30,5
LF:3
LH:3
BRF:0
BRH:0
end_of_record
TN:
SF:routes\auth.js
FNF:0
FNH:0
DA:1,5
DA:2,5
DA:3,5
DA:4,5
DA:7,5
DA:17,5
DA:27,5
DA:36,5
DA:46,5
DA:56,5
LF:10
LH:10
BRF:0
BRH:0
end_of_record
TN:
SF:routes\cart.js
FN:7,(anonymous_0)
FN:31,(anonymous_1)
FN:43,(anonymous_2)
FN:81,(anonymous_3)
FN:93,(anonymous_4)
FN:115,(anonymous_5)
FN:128,(anonymous_6)
FN:140,(anonymous_7)
FN:165,(anonymous_8)
FNF:9
FNH:8
FNDA:3,(anonymous_0)
FNDA:4,(anonymous_1)
FNDA:0,(anonymous_2)
FNDA:1,(anonymous_3)
FNDA:1,(anonymous_4)
FNDA:3,(anonymous_5)
FNDA:3,(anonymous_6)
FNDA:1,(anonymous_7)
FNDA:2,(anonymous_8)
DA:1,5
DA:2,5
DA:3,5
DA:4,5
DA:7,5
DA:8,3
DA:9,3
DA:11,3
DA:12,0
DA:13,0
DA:16,3
DA:21,0
DA:22,0
DA:31,5
DA:32,4
DA:33,4
DA:35,4
DA:37,4
DA:38,4
DA:42,4
DA:43,0
DA:46,4
DA:48,0
DA:51,4
DA:62,4
DA:63,4
DA:65,4
DA:71,0
DA:72,0
DA:81,5
DA:82,1
DA:83,1
DA:85,1
DA:86,0
DA:92,1
DA:93,1
DA:96,1
DA:97,1
DA:99,1
DA:105,0
DA:106,0
DA:115,5
DA:116,3
DA:117,3
DA:118,3
DA:120,3
DA:121,0
DA:127,3
DA:128,3
DA:131,3
DA:132,1
DA:138,2
DA:139,1
DA:140,1
DA:143,1
DA:146,2
DA:147,2
DA:149,2
DA:155,0
DA:156,0
DA:165,5
DA:166,2
DA:167,2
DA:169,2
DA:170,1
DA:176,1
DA:177,1
DA:178,1
DA:180,1
DA:186,0
DA:187,0
DA:195,5
LF:72
LH:56
BRDA:11,0,0,0
BRDA:11,0,1,3
BRDA:37,1,0,4
BRDA:37,1,1,0
BRDA:46,2,0,0
BRDA:46,2,1,4
BRDA:85,3,0,0
BRDA:85,3,1,1
BRDA:120,4,0,0
BRDA:120,4,1,3
BRDA:131,5,0,1
BRDA:131,5,1,2
BRDA:138,6,0,1
BRDA:138,6,1,1
BRDA:169,7,0,1
BRDA:169,7,1,1
BRF:16
BRH:11
end_of_record
TN:
SF:routes\menu.js
FN:7,(anonymous_0)
FNF:1
FNH:1
FNDA:2,(anonymous_0)
DA:1,5
DA:2,5
DA:3,5
DA:4,5
DA:7,5
DA:8,2
DA:9,2
DA:12,2
DA:13,2
DA:14,1
DA:21,1
DA:26,1
DA:39,0
DA:40,0
DA:48,5
LF:15
LH:13
BRDA:13,0,0,1
BRDA:13,0,1,1
BRF:2
BRH:2
end_of_record
TN:
SF:routes\orders.js
FN:9,(anonymous_0)
FN:56,(anonymous_1)
FN:67,(anonymous_2)
FNF:3
FNH:2
FNDA:5,(anonymous_0)
FNDA:0,(anonymous_1)
FNDA:2,(anonymous_2)
DA:1,5
DA:2,5
DA:3,5
DA:4,5
DA:9,5
DA:10,5
DA:11,5
DA:12,5
DA:14,5
DA:17,5
DA:18,5
DA:19,5
DA:20,5
DA:21,5
DA:22,5
DA:24,5
DA:25,1
DA:26,1
DA:32,4
DA:33,1
DA:40,3
DA:49,3
DA:50,3
DA:51,2
DA:52,2
DA:55,1
DA:56,1
DA:57,1
DA:60,0
DA:61,0
DA:67,5
DA:68,2
DA:69,2
DA:70,1
DA:72,1
DA:76,5
LF:36
LH:34
BRDA:18,0,0,0
BRDA:18,0,1,5
BRDA:19,1,0,1
BRDA:19,1,1,4
BRDA:19,2,0,5
BRDA:19,2,1,4
BRDA:19,2,2,4
BRDA:20,3,0,0
BRDA:20,3,1,5
BRDA:21,4,0,0
BRDA:21,4,1,5
BRDA:22,5,0,0
BRDA:22,5,1,5
BRDA:22,6,0,5
BRDA:22,6,1,5
BRDA:24,7,0,1
BRDA:24,7,1,4
BRDA:32,8,0,1
BRDA:32,8,1,3
BRDA:41,9,0,3
BRDA:41,9,1,3
BRDA:41,9,2,0
BRDA:56,10,0,0
BRDA:56,10,1,1
BRF:24
BRH:18
end_of_record
TN:
SF:routes\payment.js
FN:10,getRazorpayInstance
FN:22,createRazorpayOrder
FN:43,(anonymous_2)
FN:72,(anonymous_3)
FN:119,(anonymous_4)
FN:150,(anonymous_5)
FN:190,(anonymous_6)
FNF:7
FNH:6
FNDA:0,getRazorpayInstance
FNDA:4,createRazorpayOrder
FNDA:3,(anonymous_2)
FNDA:2,(anonymous_3)
FNDA:4,(anonymous_4)
FNDA:6,(anonymous_5)
FNDA:5,(anonymous_6)
DA:1,5
DA:2,5
DA:3,5
DA:4,5
DA:5,5
DA:6,5
DA:9,5
DA:11,0
DA:12,0
DA:13,0
DA:18,0
DA:23,4
DA:25,4
DA:31,0
DA:32,0
DA:33,0
DA:39,0
DA:43,5
DA:44,3
DA:45,3
DA:47,3
DA:48,1
DA:51,2
DA:56,2
DA:58,2
DA:66,0
DA:67,0
DA:72,5
DA:73,2
DA:74,2
DA:77,2
DA:78,0
DA:81,2
DA:82,0
DA:86,2
DA:87,2
DA:92,2
DA:93,1
DA:94,1
DA:98,1
DA:108,1
DA:109,1
DA:111,1
DA:113,0
DA:114,0
DA:119,5
DA:120,4
DA:121,4
DA:123,4
DA:124,0
DA:128,4
DA:139,4
DA:140,3
DA:142,3
DA:144,1
DA:145,1
DA:150,5
DA:151,6
DA:152,6
DA:153,6
DA:155,5
DA:156,1
DA:159,4
DA:160,1
DA:163,3
DA:164,1
DA:168,2
DA:173,2
DA:175,2
DA:184,1
DA:185,1
DA:190,5
DA:191,5
DA:192,5
DA:193,5
DA:195,5
DA:197,4
DA:198,1
DA:201,3
DA:202,1
DA:206,2
DA:207,2
DA:212,2
DA:213,1
DA:214,1
DA:218,1
DA:219,1
DA:220,1
DA:222,1
DA:224,1
DA:226,1
DA:227,1
DA:231,5
LF:93
LH:78
BRDA:11,0,0,0
BRDA:11,0,1,0
BRDA:12,1,0,0
BRDA:12,1,1,0
BRDA:23,2,0,4
BRDA:23,2,1,0
BRDA:28,3,0,4
BRDA:28,3,1,0
BRDA:32,4,0,0
BRDA:32,4,1,0
BRDA:36,5,0,0
BRDA:36,5,1,0
BRDA:47,6,0,1
BRDA:47,6,1,2
BRDA:47,7,0,3
BRDA:47,7,1,2
BRDA:77,8,0,0
BRDA:77,8,1,2
BRDA:77,9,0,2
BRDA:77,9,1,2
BRDA:77,9,2,2
BRDA:81,10,0,0
BRDA:81,10,1,2
BRDA:81,11,0,2
BRDA:81,11,1,2
BRDA:81,11,2,2
BRDA:92,12,0,1
BRDA:92,12,1,1
BRDA:99,13,0,1
BRDA:99,13,1,1
BRDA:99,13,2,0
BRDA:100,14,0,1
BRDA:100,14,1,0
BRDA:102,15,0,1
BRDA:102,15,1,0
BRDA:103,16,0,1
BRDA:103,16,1,0
BRDA:123,17,0,0
BRDA:123,17,1,4
BRDA:123,18,0,4
BRDA:123,18,1,4
BRDA:123,18,2,4
BRDA:129,19,0,4
BRDA:129,19,1,4
BRDA:129,19,2,0
BRDA:130,20,0,4
BRDA:130,20,1,0
BRDA:132,21,0,4
BRDA:132,21,1,0
BRDA:133,22,0,4
BRDA:133,22,1,0
BRDA:136,23,0,4
BRDA:136,23,1,0
BRDA:155,24,0,1
BRDA:155,24,1,4
BRDA:159,25,0,1
BRDA:159,25,1,3
BRDA:159,26,0,4
BRDA:159,26,1,0
BRDA:163,27,0,1
BRDA:163,27,1,2
BRDA:197,28,0,1
BRDA:197,28,1,3
BRDA:201,29,0,1
BRDA:201,29,1,2
BRDA:201,30,0,3
BRDA:201,30,1,0
BRDA:212,31,0,1
BRDA:212,31,1,1
BRF:69
BRH:45
end_of_record
TN:
SF:routes\restaurants.js
FN:6,(anonymous_0)
FNF:1
FNH:1
FNDA:1,(anonymous_0)
DA:1,5
DA:2,5
DA:3,5
DA:6,5
DA:7,1
DA:8,1
DA:12,1
DA:18,0
DA:19,0
DA:27,5
LF:10
LH:8
BRF:0
BRH:0
end_of_record
